Arguments: 
  /Users/miller/.nvm/versions/node/v10.10.0/bin/node /usr/local/Cellar/yarn/1.22.4/libexec/bin/yarn.js add asfasdf

PATH: 
  /Users/miller/.rvm/gems/ruby-1.9.2-p290/bin:/Users/miller/.rvm/gems/ruby-1.9.2-p290@global/bin:/Users/miller/.rvm/rubies/ruby-1.9.2-p290/bin:/Users/miller/.rvm/bin:/Library/Frameworks/Python.framework/Versions/3.6/bin:/usr/local/opt/mysql@5.7/bin:/Users/miller/.cargo/bin:/usr/local/opt/zip/bin:/opt/apache-maven-3.3.9/bin:/opt/local/bin:/opt/local/sbin:/Users/miller/.nvm/versions/node/v10.10.0/bin:/opt/local/bin:/opt/local/sbin:/usr/local/bin:/usr/local/bin:/usr/bin:/bin:/usr/sbin:/sbin:/usr/local/go/bin:/usr/local/MacGPG2/bin:/usr/local/bin/haxe:/usr/local/bin/haxelib:/opt/X11/bin:/Library/Frameworks/Mono.framework/Versions/Current/Commands:/usr/local/git/bin:/Library/PostgreSQL/8.3/bin:/usr/local/bin/activator-1.2.3-minimal/

Yarn version: 
  1.22.4

Node version: 
  10.10.0

Platform: 
  darwin x64

Trace: 
  Error: https://registry.yarnpkg.com/asfasdf: Not found
      at Request.params.callback [as _callback] (/usr/local/Cellar/yarn/1.22.4/libexec/lib/cli.js:66987:18)
      at Request.self.callback (/usr/local/Cellar/yarn/1.22.4/libexec/lib/cli.js:140748:22)
      at Request.emit (events.js:182:13)
      at Request.<anonymous> (/usr/local/Cellar/yarn/1.22.4/libexec/lib/cli.js:141720:10)
      at Request.emit (events.js:182:13)
      at IncomingMessage.<anonymous> (/usr/local/Cellar/yarn/1.22.4/libexec/lib/cli.js:141642:12)
      at Object.onceWrapper (events.js:273:13)
      at IncomingMessage.emit (events.js:187:15)
      at endReadableNT (_stream_readable.js:1092:12)
      at process._tickCallback (internal/process/next_tick.js:63:19)

npm manifest: 
  {
    "name": "logo",
    "version": "1.0.0",
    "main": "index.js",
    "license": "MIT",
    "devDependencies": {
      "typescript": "^3.9.7"
    },
    "dependencies": {
      "@types/matter-js": "^0.14.5",
      "matter-js": "^0.14.2",
      "pathseg": "^1.2.0",
      "poly-decomp": "^0.3.0"
    }
  }

yarn manifest: 
  No manifest

Lockfile: 
  # THIS IS AN AUTOGENERATED FILE. DO NOT EDIT THIS FILE DIRECTLY.
  # yarn lockfile v1
  
  
  "@types/matter-js@^0.14.5":
    version "0.14.5"
    resolved "https://registry.yarnpkg.com/@types/matter-js/-/matter-js-0.14.5.tgz#3093bfc4496599b1f4cc99e5c8b30feeafc675a1"
    integrity sha512-WAGhTov24lyLzb53jwGtyeP4o9kCn3Vz5qs1Mciffc2+lYP12dbLgfZ3b0Z69sy30etV4+vCyXcU4wvCt9R6kw==
  
  matter-js@^0.14.2:
    version "0.14.2"
    resolved "https://registry.yarnpkg.com/matter-js/-/matter-js-0.14.2.tgz#8169af9e06fdc356ba9e72b49624eb329839883b"
    integrity sha512-3ttVT8cJlQnGRjBa8MyVrGyvGmnmOkZ3YsyemIw+KwEEdVi70mo32FH1Eta2b3GfdDJFbMDRqyMQt4heNKBUEA==
  
  pathseg@^1.2.0:
    version "1.2.0"
    resolved "https://registry.yarnpkg.com/pathseg/-/pathseg-1.2.0.tgz#22af051e28037671e7799e296fe96c5dcbe53acd"
    integrity sha512-+pQS7lTaoVIXhaCW7R3Wd/165APzZHWzYVqe7dxzdupxQwebgpBaCmf0/XZwmoA/rkDq3qvzO0qv4d5oFVrBRw==
  
  poly-decomp@^0.3.0:
    version "0.3.0"
    resolved "https://registry.yarnpkg.com/poly-decomp/-/poly-decomp-0.3.0.tgz#aa499289bbc1a4ca2213e966587fa5bffc1ca5f5"
    integrity sha512-hWeBxGzPYiybmI4548Fca7Up/0k1qS5+79cVHI9+H33dKya5YNb9hxl0ZnDaDgvrZSuYFBhkCK/HOnqN7gefkQ==
  
  typescript@^3.9.7:
    version "3.9.7"
    resolved "https://registry.yarnpkg.com/typescript/-/typescript-3.9.7.tgz#98d600a5ebdc38f40cb277522f12dc800e9e25fa"
    integrity sha512-BLbiRkiBzAwsjut4x/dsibSTB6yWpwT5qWmC2OfuCg3GgVQCSgMs4vEctYPhsaGtd0AeuuHMkjZ2h2WG8MSzRw==
